#options: 1280x720 fps=30/1 timebase=1/30 bitdepth=8 cabac=1 ref=1 deblock=1:0:0 analyse=0x1:0 me=dia subme=2 psy=1 psy_rd=1.00:0.00 mixed_ref=0 me_range=16 chroma_me=1 trellis=0 8x8dct=0 cqm=0 deadzone=21,11 fast_pskip=1 chroma_qp_offset=0 threads=18 lookahead_threads=5 sliced_threads=0 nr=0 decimate=1 interlaced=0 bluray_compat=0 constrained_intra=0 bframes=8 b_pyramid=2 b_adapt=2 b_bias=0 direct=3 weightb=1 open_gop=0 weightp=2 keyint=250 keyint_min=25 scenecut=40 intra_refresh=0 rc_lookahead=60 rc=crf mbtree=1 crf=35.0 qcomp=0.60 qpmin=0 qpmax=69 qpstep=4 ip_ratio=1.40 aq=1:1.00
in:0 out:0 type:I dur:2 cpbdur:2 q:41.03 aq:18.58 tex:6854 mv:2748 misc:5814 imb:3600 pmb:0 smb:0 d:- ref:;
in:2 out:1 type:P dur:2 cpbdur:2 q:41.03 aq:21.94 tex:126 mv:230 misc:356 imb:2 pmb:26 smb:3572 d:- ref:0 ;
in:1 out:2 type:b dur:2 cpbdur:2 q:41.03 aq:26.00 tex:0 mv:0 misc:224 imb:0 pmb:0 smb:3600 d:t ref:0 ;
in:4 out:3 type:P dur:2 cpbdur:2 q:41.03 aq:26.84 tex:256 mv:288 misc:384 imb:2 pmb:34 smb:3564 d:- ref:0 ;
in:3 out:4 type:b dur:2 cpbdur:2 q:41.03 aq:26.00 tex:0 mv:11 misc:237 imb:0 pmb:1 smb:3599 d:t ref:0 ;
in:8 out:5 type:P dur:2 cpbdur:2 q:41.03 aq:24.02 tex:145 mv:305 misc:342 imb:12 pmb:21 smb:3567 d:- ref:0 ;
in:6 out:6 type:B dur:2 cpbdur:2 q:41.03 aq:25.00 tex:4 mv:52 misc:288 imb:1 pmb:9 smb:3590 d:t ref:0 ;
in:5 out:7 type:b dur:2 cpbdur:2 q:41.03 aq:26.00 tex:8 mv:76 misc:268 imb:0 pmb:10 smb:3590 d:t ref:0 ;
in:7 out:8 type:b dur:2 cpbdur:2 q:41.03 aq:26.00 tex:5 mv:180 misc:319 imb:0 pmb:27 smb:3573 d:- ref:0 ;
in:14 out:9 type:P dur:2 cpbdur:2 q:41.03 aq:21.99 tex:543 mv:369 misc:368 imb:14 pmb:28 smb:3558 d:- ref:0 ;
in:11 out:10 type:B dur:2 cpbdur:2 q:41.03 aq:22.19 tex:17 mv:57 misc:310 imb:1 pmb:13 smb:3586 d:t ref:0 ;
in:9 out:11 type:b dur:2 cpbdur:2 q:41.03 aq:26.00 tex:4 mv:88 misc:276 imb:0 pmb:11 smb:3589 d:t ref:0 ;
in:10 out:12 type:b dur:2 cpbdur:2 q:41.03 aq:26.00 tex:6 mv:35 misc:271 imb:0 pmb:11 smb:3589 d:t ref:0 ;
in:12 out:13 type:b dur:2 cpbdur:2 q:41.03 aq:26.00 tex:13 mv:173 misc:318 imb:0 pmb:28 smb:3572 d:- ref:0 ;
in:13 out:14 type:b dur:2 cpbdur:2 q:41.03 aq:26.00 tex:8 mv:170 misc:318 imb:0 pmb:28 smb:3572 d:- ref:0 ;
in:20 out:15 type:P dur:2 cpbdur:2 q:41.03 aq:22.85 tex:194 mv:323 misc:347 imb:13 pmb:22 smb:3565 d:- ref:0 ;
in:17 out:16 type:B dur:2 cpbdur:2 q:41.03 aq:24.00 tex:4 mv:86 misc:302 imb:0 pmb:13 smb:3587 d:t ref:0 ;
in:15 out:17 type:b dur:2 cpbdur:2 q:41.03 aq:26.00 tex:3 mv:106 misc:283 imb:0 pmb:11 smb:3589 d:t ref:0 ;
in:16 out:18 type:b dur:2 cpbdur:2 q:41.03 aq:26.00 tex:5 mv:91 misc:280 imb:0 pmb:11 smb:3589 d:t ref:0 ;
in:18 out:19 type:b dur:2 cpbdur:2 q:41.03 aq:26.00 tex:4 mv:183 misc:309 imb:0 pmb:28 smb:3572 d:- ref:0 ;
in:19 out:20 type:b dur:2 cpbdur:2 q:41.03 aq:26.00 tex:9 mv:211 misc:300 imb:0 pmb:27 smb:3573 d:- ref:0 ;
in:24 out:21 type:P dur:2 cpbdur:2 q:41.03 aq:16.48 tex:49 mv:245 misc:338 imb:9 pmb:21 smb:3570 d:t ref:0 ;
in:22 out:22 type:B dur:2 cpbdur:2 q:41.03 aq:25.00 tex:4 mv:18 misc:274 imb:0 pmb:7 smb:3593 d:t ref:0 ;
in:21 out:23 type:b dur:2 cpbdur:2 q:41.03 aq:26.00 tex:5 mv:32 misc:259 imb:0 pmb:7 smb:3593 d:t ref:0 ;
in:23 out:24 type:b dur:2 cpbdur:2 q:41.03 aq:26.00 tex:13 mv:173 misc:294 imb:0 pmb:23 smb:3577 d:- ref:0 ;
in:28 out:25 type:P dur:2 cpbdur:2 q:41.03 aq:25.87 tex:216 mv:278 misc:354 imb:9 pmb:21 smb:3570 d:t ref:0 ;
in:26 out:26 type:B dur:2 cpbdur:2 q:41.03 aq:25.00 tex:6 mv:68 misc:286 imb:1 pmb:6 smb:3593 d:t ref:0 ;
in:25 out:27 type:b dur:2 cpbdur:2 q:41.03 aq:26.00 tex:1 mv:58 misc:261 imb:0 pmb:6 smb:3594 d:t ref:0 ;
in:27 out:28 type:b dur:2 cpbdur:2 q:41.03 aq:26.00 tex:9 mv:202 misc:333 imb:0 pmb:31 smb:3569 d:- ref:0 ;
in:29 out:29 type:P dur:2 cpbdur:2 q:41.03 aq:28.07 tex:164 mv:237 misc:351 imb:4 pmb:24 smb:3572 d:t ref:0 ;
in:35 out:30 type:P dur:2 cpbdur:2 q:41.03 aq:16.05 tex:53 mv:297 misc:346 imb:10 pmb:24 smb:3566 d:t ref:0 ;
in:32 out:31 type:B dur:2 cpbdur:2 q:41.03 aq:24.00 tex:5 mv:24 misc:275 imb:0 pmb:9 smb:3591 d:t ref:0 ;
in:30 out:32 type:b dur:2 cpbdur:2 q:41.03 aq:26.00 tex:4 mv:87 misc:261 imb:0 pmb:9 smb:3591 d:t ref:0 ;
in:31 out:33 type:b dur:2 cpbdur:2 q:41.03 aq:26.00 tex:4 mv:32 misc:260 imb:0 pmb:9 smb:3591 d:t ref:0 ;
in:33 out:34 type:b dur:2 cpbdur:2 q:41.03 aq:26.00 tex:11 mv:162 misc:323 imb:0 pmb:27 smb:3573 d:- ref:0 ;
in:34 out:35 type:b dur:2 cpbdur:2 q:41.03 aq:26.00 tex:13 mv:160 misc:307 imb:0 pmb:26 smb:3574 d:- ref:0 ;
in:39 out:36 type:P dur:2 cpbdur:2 q:41.03 aq:19.08 tex:70 mv:286 misc:356 imb:10 pmb:19 smb:3571 d:t ref:0 ;
in:37 out:37 type:B dur:2 cpbdur:2 q:41.03 aq:25.00 tex:3 mv:74 misc:283 imb:0 pmb:8 smb:3592 d:t ref:0 ;
in:36 out:38 type:b dur:2 cpbdur:2 q:41.03 aq:26.00 tex:3 mv:56 misc:261 imb:0 pmb:6 smb:3594 d:t ref:0 ;
in:38 out:39 type:b dur:2 cpbdur:2 q:41.03 aq:26.00 tex:10 mv:207 misc:335 imb:0 pmb:34 smb:3566 d:- ref:0 ;
in:45 out:40 type:P dur:2 cpbdur:2 q:41.03 aq:18.61 tex:43 mv:287 misc:334 imb:10 pmb:19 smb:3571 d:t ref:0 ;
in:42 out:41 type:B dur:2 cpbdur:2 q:41.03 aq:24.00 tex:5 mv:50 misc:297 imb:0 pmb:11 smb:3589 d:t ref:0 ;
in:40 out:42 type:b dur:2 cpbdur:2 q:41.03 aq:26.00 tex:2 mv:86 misc:272 imb:0 pmb:9 smb:3591 d:t ref:0 ;
in:41 out:43 type:b dur:2 cpbdur:2 q:41.03 aq:26.00 tex:4 mv:73 misc:267 imb:0 pmb:9 smb:3591 d:t ref:0 ;
in:43 out:44 type:b dur:2 cpbdur:2 q:41.03 aq:26.00 tex:7 mv:211 misc:310 imb:0 pmb:25 smb:3575 d:- ref:0 ;
in:44 out:45 type:b dur:2 cpbdur:2 q:41.03 aq:26.00 tex:11 mv:187 misc:322 imb:0 pmb:27 smb:3573 d:- ref:0 ;
in:49 out:46 type:P dur:2 cpbdur:2 q:41.03 aq:21.00 tex:28 mv:267 misc:353 imb:11 pmb:18 smb:3571 d:t ref:0 ;
in:47 out:47 type:B dur:2 cpbdur:2 q:41.03 aq:26.00 tex:3 mv:86 misc:287 imb:0 pmb:9 smb:3591 d:t ref:0 ;
in:46 out:48 type:b dur:2 cpbdur:2 q:41.03 aq:26.00 tex:4 mv:57 misc:275 imb:0 pmb:7 smb:3593 d:t ref:0 ;
in:48 out:49 type:b dur:2 cpbdur:2 q:41.03 aq:26.00 tex:10 mv:214 misc:320 imb:0 pmb:32 smb:3568 d:- ref:0 ;
in:50 out:50 type:I dur:2 cpbdur:2 q:38.13 aq:15.59 tex:8662 mv:2768 misc:442 imb:3600 pmb:0 smb:0 d:t ref:;
in:52 out:51 type:P dur:2 cpbdur:2 q:41.03 aq:22.21 tex:240 mv:265 misc:367 imb:5 pmb:29 smb:3566 d:t ref:0 ;
in:51 out:52 type:b dur:2 cpbdur:2 q:41.03 aq:26.00 tex:0 mv:0 misc:224 imb:0 pmb:0 smb:3600 d:t ref:0 ;
in:54 out:53 type:P dur:2 cpbdur:2 q:41.03 aq:28.24 tex:138 mv:225 misc:365 imb:0 pmb:30 smb:3570 d:t ref:0 ;
in:53 out:54 type:b dur:2 cpbdur:2 q:41.03 aq:26.00 tex:0 mv:0 misc:224 imb:0 pmb:0 smb:3600 d:t ref:0 ;
in:58 out:55 type:P dur:2 cpbdur:2 q:41.03 aq:22.52 tex:115 mv:290 misc:339 imb:12 pmb:19 smb:3569 d:t ref:0 ;
in:56 out:56 type:B dur:2 cpbdur:2 q:41.03 aq:25.00 tex:3 mv:78 misc:287 imb:0 pmb:11 smb:3589 d:t ref:0 ;
in:55 out:57 type:b dur:2 cpbdur:2 q:41.03 aq:26.00 tex:5 mv:73 misc:266 imb:0 pmb:10 smb:3590 d:t ref:0 ;
in:57 out:58 type:b dur:2 cpbdur:2 q:41.03 aq:26.00 tex:7 mv:172 misc:309 imb:0 pmb:25 smb:3575 d:- ref:0 ;
in:64 out:59 type:P dur:2 cpbdur:2 q:41.03 aq:21.71 tex:695 mv:370 misc:359 imb:17 pmb:25 smb:3558 d:t ref:0 ;
in:61 out:60 type:B dur:2 cpbdur:2 q:41.03 aq:22.19 tex:18 mv:59 misc:315 imb:1 pmb:16 smb:3583 d:t ref:0 ;
in:59 out:61 type:b dur:2 cpbdur:2 q:41.03 aq:26.00 tex:4 mv:98 misc:282 imb:0 pmb:15 smb:3585 d:t ref:0 ;
in:60 out:62 type:b dur:2 cpbdur:2 q:41.03 aq:26.00 tex:4 mv:53 misc:287 imb:0 pmb:15 smb:3585 d:t ref:0 ;
in:62 out:63 type:b dur:2 cpbdur:2 q:41.03 aq:26.00 tex:7 mv:179 misc:310 imb:0 pmb:27 smb:3573 d:- ref:0 ;
in:63 out:64 type:b dur:2 cpbdur:2 q:41.03 aq:26.00 tex:8 mv:177 misc:319 imb:0 pmb:28 smb:3572 d:- ref:0 ;
in:70 out:65 type:P dur:2 cpbdur:2 q:41.03 aq:24.75 tex:170 mv:302 misc:344 imb:12 pmb:20 smb:3568 d:t ref:0 ;
in:67 out:66 type:B dur:2 cpbdur:2 q:41.03 aq:24.00 tex:7 mv:74 misc:295 imb:0 pmb:11 smb:3589 d:t ref:0 ;
in:65 out:67 type:b dur:2 cpbdur:2 q:41.03 aq:26.00 tex:3 mv:71 misc:270 imb:0 pmb:8 smb:3592 d:t ref:0 ;
in:66 out:68 type:b dur:2 cpbdur:2 q:41.03 aq:26.00 tex:2 mv:73 misc:269 imb:0 pmb:8 smb:3592 d:t ref:0 ;
in:68 out:69 type:b dur:2 cpbdur:2 q:41.03 aq:26.00 tex:7 mv:178 misc:319 imb:0 pmb:29 smb:3571 d:- ref:0 ;
in:69 out:70 type:b dur:2 cpbdur:2 q:41.03 aq:26.00 tex:15 mv:185 misc:312 imb:0 pmb:31 smb:3569 d:- ref:0 ;
in:74 out:71 type:P dur:2 cpbdur:2 q:41.03 aq:17.51 tex:51 mv:249 misc:324 imb:9 pmb:19 smb:3572 d:t ref:0 ;
in:72 out:72 type:B dur:2 cpbdur:2 q:41.03 aq:25.00 tex:4 mv:18 misc:274 imb:0 pmb:7 smb:3593 d:t ref:0 ;
in:71 out:73 type:b dur:2 cpbdur:2 q:41.03 aq:26.00 tex:4 mv:40 misc:260 imb:0 pmb:7 smb:3593 d:t ref:0 ;
in:73 out:74 type:b dur:2 cpbdur:2 q:41.03 aq:26.00 tex:8 mv:167 misc:305 imb:0 pmb:24 smb:3576 d:- ref:0 ;
in:76 out:75 type:P dur:2 cpbdur:2 q:41.03 aq:25.09 tex:79 mv:230 misc:363 imb:3 pmb:24 smb:3573 d:t ref:0 ;
in:75 out:76 type:b dur:2 cpbdur:2 q:41.03 aq:26.00 tex:0 mv:0 misc:224 imb:0 pmb:0 smb:3600 d:t ref:0 ;
in:79 out:77 type:P dur:2 cpbdur:2 q:41.03 aq:27.97 tex:204 mv:320 misc:348 imb:10 pmb:22 smb:3568 d:t ref:0 ;
in:77 out:78 type:B dur:2 cpbdur:2 q:41.03 aq:25.00 tex:2 mv:82 misc:284 imb:0 pmb:8 smb:3592 d:t ref:0 ;
in:78 out:79 type:b dur:2 cpbdur:2 q:41.03 aq:26.00 tex:12 mv:195 misc:329 imb:0 pmb:30 smb:3570 d:- ref:0 ;
in:85 out:80 type:P dur:2 cpbdur:2 q:41.03 aq:16.54 tex:50 mv:269 misc:337 imb:10 pmb:20 smb:3570 d:t ref:0 ;
in:82 out:81 type:B dur:2 cpbdur:2 q:41.03 aq:24.00 tex:5 mv:24 misc:275 imb:0 pmb:9 smb:3591 d:t ref:0 ;
in:80 out:82 type:b dur:2 cpbdur:2 q:41.03 aq:26.00 tex:4 mv:86 misc:262 imb:0 pmb:9 smb:3591 d:t ref:0 ;
in:81 out:83 type:b dur:2 cpbdur:2 q:41.03 aq:26.00 tex:5 mv:42 misc:265 imb:0 pmb:9 smb:3591 d:t ref:0 ;
in:83 out:84 type:b dur:2 cpbdur:2 q:41.03 aq:26.00 tex:8 mv:194 misc:310 imb:0 pmb:26 smb:3574 d:- ref:0 ;
in:84 out:85 type:b dur:2 cpbdur:2 q:41.03 aq:26.00 tex:12 mv:167 misc:309 imb:0 pmb:27 smb:3573 d:- ref:0 ;
in:89 out:86 type:P dur:2 cpbdur:2 q:41.03 aq:18.60 tex:79 mv:291 misc:350 imb:11 pmb:18 smb:3571 d:t ref:0 ;
in:87 out:87 type:B dur:2 cpbdur:2 q:41.03 aq:25.00 tex:3 mv:82 misc:291 imb:0 pmb:8 smb:3592 d:t ref:0 ;
in:86 out:88 type:b dur:2 cpbdur:2 q:41.03 aq:26.00 tex:2 mv:42 misc:260 imb:0 pmb:5 smb:3595 d:t ref:0 ;
in:88 out:89 type:b dur:2 cpbdur:2 q:41.03 aq:26.00 tex:9 mv:205 misc:338 imb:0 pmb:36 smb:3564 d:- ref:0 ;
in:95 out:90 type:P dur:2 cpbdur:2 q:41.03 aq:18.13 tex:44 mv:293 misc:343 imb:11 pmb:19 smb:3570 d:t ref:0 ;
in:92 out:91 type:B dur:2 cpbdur:2 q:41.03 aq:24.00 tex:6 mv:67 misc:287 imb:0 pmb:10 smb:3590 d:t ref:0 ;
in:90 out:92 type:b dur:2 cpbdur:2 q:41.03 aq:26.00 tex:2 mv:67 misc:267 imb:0 pmb:7 smb:3593 d:t ref:0 ;
in:91 out:93 type:b dur:2 cpbdur:2 q:41.03 aq:26.00 tex:4 mv:57 misc:267 imb:0 pmb:7 smb:3593 d:t ref:0 ;
in:93 out:94 type:b dur:2 cpbdur:2 q:41.03 aq:26.00 tex:7 mv:233 misc:328 imb:0 pmb:29 smb:3571 d:- ref:0 ;
in:94 out:95 type:b dur:2 cpbdur:2 q:41.03 aq:26.00 tex:8 mv:210 misc:326 imb:0 pmb:29 smb:3571 d:- ref:0 ;
in:99 out:96 type:P dur:2 cpbdur:2 q:41.03 aq:22.00 tex:22 mv:275 misc:351 imb:10 pmb:19 smb:3571 d:t ref:0 ;
in:97 out:97 type:B dur:2 cpbdur:2 q:41.03 aq:26.00 tex:5 mv:76 misc:287 imb:0 pmb:8 smb:3592 d:t ref:0 ;
in:96 out:98 type:b dur:2 cpbdur:2 q:41.03 aq:26.00 tex:2 mv:42 misc:260 imb:0 pmb:5 smb:3595 d:t ref:0 ;
in:98 out:99 type:b dur:2 cpbdur:2 q:41.03 aq:26.00 tex:10 mv:206 misc:328 imb:0 pmb:32 smb:3568 d:- ref:0 ;
in:100 out:100 type:I dur:2 cpbdur:2 q:38.12 aq:15.13 tex:8392 mv:2703 misc:441 imb:3600 pmb:0 smb:0 d:t ref:;
in:102 out:101 type:P dur:2 cpbdur:2 q:41.03 aq:21.10 tex:146 mv:237 misc:345 imb:6 pmb:22 smb:3572 d:t ref:0 ;
in:101 out:102 type:b dur:2 cpbdur:2 q:41.03 aq:26.00 tex:0 mv:0 misc:224 imb:0 pmb:0 smb:3600 d:t ref:0 ;
in:108 out:103 type:P dur:2 cpbdur:2 q:41.03 aq:22.02 tex:163 mv:331 misc:338 imb:12 pmb:20 smb:3568 d:t ref:0 ;
in:105 out:104 type:B dur:2 cpbdur:2 q:41.03 aq:24.00 tex:7 mv:117 misc:284 imb:1 pmb:11 smb:3588 d:t ref:0 ;
in:103 out:105 type:b dur:2 cpbdur:2 q:41.03 aq:26.00 tex:2 mv:64 misc:270 imb:0 pmb:7 smb:3593 d:t ref:0 ;
in:104 out:106 type:b dur:2 cpbdur:2 q:41.03 aq:26.00 tex:3 mv:74 misc:267 imb:1 pmb:6 smb:3593 d:t ref:0 ;
in:106 out:107 type:b dur:2 cpbdur:2 q:41.03 aq:26.00 tex:8 mv:211 misc:317 imb:0 pmb:32 smb:3568 d:- ref:0 ;
in:107 out:108 type:b dur:2 cpbdur:2 q:41.03 aq:26.00 tex:10 mv:173 misc:321 imb:0 pmb:35 smb:3565 d:- ref:0 ;
in:114 out:109 type:P dur:2 cpbdur:2 q:41.03 aq:22.18 tex:641 mv:377 misc:358 imb:16 pmb:24 smb:3560 d:t ref:0 ;
in:111 out:110 type:B dur:2 cpbdur:2 q:41.03 aq:24.00 tex:5 mv:65 misc:314 imb:0 pmb:18 smb:3582 d:t ref:0 ;
in:109 out:111 type:b dur:2 cpbdur:2 q:41.03 aq:26.00 tex:5 mv:106 misc:289 imb:0 pmb:15 smb:3585 d:t ref:0 ;
in:110 out:112 type:b dur:2 cpbdur:2 q:41.03 aq:26.00 tex:3 mv:59 misc:290 imb:0 pmb:15 smb:3585 d:t ref:0 ;
in:112 out:113 type:b dur:2 cpbdur:2 q:41.03 aq:26.00 tex:7 mv:187 misc:310 imb:0 pmb:26 smb:3574 d:- ref:0 ;
in:113 out:114 type:b dur:2 cpbdur:2 q:41.03 aq:26.00 tex:6 mv:174 misc:316 imb:0 pmb:28 smb:3572 d:- ref:0 ;
in:120 out:115 type:P dur:2 cpbdur:2 q:41.03 aq:21.91 tex:160 mv:288 misc:352 imb:12 pmb:18 smb:3570 d:t ref:0 ;
in:117 out:116 type:B dur:2 cpbdur:2 q:41.03 aq:24.00 tex:4 mv:68 misc:296 imb:0 pmb:11 smb:3589 d:t ref:0 ;
in:115 out:117 type:b dur:2 cpbdur:2 q:41.03 aq:26.00 tex:5 mv:79 misc:268 imb:0 pmb:9 smb:3591 d:t ref:0 ;
in:116 out:118 type:b dur:2 cpbdur:2 q:41.03 aq:26.00 tex:2 mv:82 misc:268 imb:0 pmb:9 smb:3591 d:t ref:0 ;
in:118 out:119 type:b dur:2 cpbdur:2 q:41.03 aq:26.00 tex:9 mv:183 misc:312 imb:0 pmb:28 smb:3572 d:- ref:0 ;
in:119 out:120 type:b dur:2 cpbdur:2 q:41.03 aq:26.00 tex:15 mv:194 misc:303 imb:1 pmb:29 smb:3570 d:- ref:0 ;
in:125 out:121 type:P dur:2 cpbdur:2 q:41.03 aq:21.16 tex:163 mv:251 misc:338 imb:12 pmb:18 smb:3570 d:t ref:0 ;
in:122 out:122 type:B dur:2 cpbdur:2 q:41.03 aq:24.00 tex:4 mv:47 misc:285 imb:0 pmb:9 smb:3591 d:t ref:0 ;
in:121 out:123 type:b dur:2 cpbdur:2 q:41.03 aq:26.00 tex:4 mv:52 misc:264 imb:0 pmb:8 smb:3592 d:t ref:0 ;
in:123 out:124 type:b dur:2 cpbdur:2 q:41.03 aq:26.00 tex:11 mv:192 misc:333 imb:0 pmb:36 smb:3564 d:- ref:0 ;
in:124 out:125 type:b dur:2 cpbdur:2 q:41.03 aq:26.00 tex:9 mv:183 misc:312 imb:0 pmb:26 smb:3574 d:- ref:0 ;
in:129 out:126 type:P dur:2 cpbdur:2 q:41.03 aq:15.48 tex:109 mv:271 misc:340 imb:11 pmb:19 smb:3570 d:t ref:0 ;
in:127 out:127 type:B dur:2 cpbdur:2 q:41.03 aq:25.00 tex:5 mv:95 misc:284 imb:1 pmb:8 smb:3591 d:t ref:0 ;
in:126 out:128 type:b dur:2 cpbdur:2 q:41.03 aq:26.00 tex:3 mv:31 misc:254 imb:0 pmb:4 smb:3596 d:t ref:0 ;
in:128 out:129 type:b dur:2 cpbdur:2 q:41.03 aq:26.00 tex:9 mv:193 misc:334 imb:0 pmb:33 smb:3567 d:- ref:0 ;
in:135 out:130 type:P dur:2 cpbdur:2 q:41.03 aq:17.12 tex:49 mv:273 misc:342 imb:10 pmb:21 smb:3569 d:t ref:0 ;
in:132 out:131 type:B dur:2 cpbdur:2 q:41.03 aq:24.00 tex:5 mv:24 misc:275 imb:0 pmb:9 smb:3591 d:t ref:0 ;
in:130 out:132 type:b dur:2 cpbdur:2 q:41.03 aq:26.00 tex:3 mv:87 misc:262 imb:0 pmb:9 smb:3591 d:t ref:0 ;
in:131 out:133 type:b dur:2 cpbdur:2 q:41.03 aq:26.00 tex:6 mv:50 misc:264 imb:0 pmb:9 smb:3591 d:t ref:0 ;
in:133 out:134 type:b dur:2 cpbdur:2 q:41.03 aq:26.00 tex:8 mv:180 misc:316 imb:0 pmb:27 smb:3573 d:- ref:0 ;
in:134 out:135 type:b dur:2 cpbdur:2 q:41.03 aq:26.00 tex:8 mv:163 misc:317 imb:0 pmb:27 smb:3573 d:- ref:0 ;
in:140 out:136 type:P dur:2 cpbdur:2 q:41.03 aq:28.23 tex:145 mv:285 misc:346 imb:11 pmb:20 smb:3569 d:t ref:0 ;
in:137 out:137 type:B dur:2 cpbdur:2 q:41.03 aq:24.00 tex:7 mv:101 misc:284 imb:1 pmb:10 smb:3589 d:t ref:0 ;
in:136 out:138 type:b dur:2 cpbdur:2 q:41.03 aq:26.00 tex:3 mv:50 misc:251 imb:0 pmb:4 smb:3596 d:t ref:0 ;
in:138 out:139 type:b dur:2 cpbdur:2 q:41.03 aq:26.00 tex:8 mv:207 misc:321 imb:0 pmb:34 smb:3566 d:- ref:0 ;
in:139 out:140 type:b dur:2 cpbdur:2 q:41.03 aq:26.00 tex:8 mv:216 misc:312 imb:0 pmb:35 smb:3565 d:- ref:0 ;
in:146 out:141 type:P dur:2 cpbdur:2 q:41.03 aq:23.09 tex:30 mv:255 misc:331 imb:10 pmb:18 smb:3572 d:t ref:0 ;
in:143 out:142 type:B dur:2 cpbdur:2 q:41.03 aq:24.00 tex:3 mv:38 misc:287 imb:0 pmb:10 smb:3590 d:t ref:0 ;
in:141 out:143 type:b dur:2 cpbdur:2 q:41.03 aq:26.00 tex:1 mv:98 misc:269 imb:0 pmb:10 smb:3590 d:t ref:0 ;
in:142 out:144 type:b dur:2 cpbdur:2 q:41.03 aq:26.00 tex:5 mv:37 misc:270 imb:0 pmb:10 smb:3590 d:t ref:0 ;
in:144 out:145 type:b dur:2 cpbdur:2 q:41.03 aq:26.00 tex:7 mv:215 misc:314 imb:1 pmb:26 smb:3573 d:- ref:0 ;
in:145 out:146 type:b dur:2 cpbdur:2 q:41.03 aq:26.00 tex:8 mv:162 misc:326 imb:0 pmb:28 smb:3572 d:- ref:0 ;
in:149 out:147 type:P dur:2 cpbdur:2 q:41.03 aq:26.00 tex:24 mv:265 misc:335 imb:10 pmb:19 smb:3571 d:t ref:0 ;
in:147 out:148 type:B dur:2 cpbdur:2 q:41.03 aq:25.00 tex:3 mv:63 misc:278 imb:0 pmb:6 smb:3594 d:t ref:0 ;
in:148 out:149 type:b dur:2 cpbdur:2 q:41.03 aq:26.00 tex:10 mv:204 misc:314 imb:0 pmb:29 smb:3571 d:- ref:0 ;
